2017-02-06T21:32:47.262Z - info: GET /v1/origins/ 200 525541 - 78.860 ms

2017-02-06T21:33:01.853Z - info: GET /v1/origins/ 200 525541 - 0.991 ms

2017-02-06T21:33:08.451Z - info: GET /v1/clients/ 200 135237 - 15.056 ms

2017-02-06T21:46:23.951Z - info: GET /v1/origins/ 200 146 - 18.531 ms

2017-02-06T21:46:59.527Z - info: GET /v1/origins/ 200 146 - 19.744 ms

2017-02-06T21:47:18.256Z - info: GET /v1/origins/ 200 539273 - 56.569 ms

2017-02-06T21:47:21.624Z - info: GET /v1/origins/ 200 539273 - 0.801 ms

2017-02-06T21:47:23.488Z - info: GET /v1/origins/ 200 539273 - 0.432 ms

2017-02-06T22:02:36.397Z - info: GET /v1/origins/ 200 539273 - 53.161 ms

2017-02-06T22:02:40.770Z - info: GET /v1/clients/ 401 71 - 1.956 ms

2017-02-06T22:02:53.146Z - info: GET /v1/clients/ 401 71 - 0.663 ms

2017-02-06T22:03:04.087Z - info: POST /v1/authenticate 200 400 - 286.968 ms

2017-02-06T22:03:20.288Z - info: GET /v1/clients/ 401 71 - 12.994 ms

2017-02-06T22:03:26.101Z - info: POST /v1/authenticate 200 400 - 266.180 ms

2017-02-06T22:03:31.237Z - info: GET /v1/clients/ 401 71 - 1.595 ms

2017-02-06T22:03:34.258Z - info: GET /v1/clients/ 401 71 - 0.651 ms

2017-02-06T22:04:18.885Z - info: GET /v1/clients/ 401 71 - 0.436 ms

2017-02-06T22:04:55.009Z - info: GET /v1/clients/ 401 71 - 6.899 ms

2017-02-06T22:05:32.744Z - info: POST /v1/authenticate 200 400 - 339.827 ms

2017-02-06T22:05:36.828Z - info: GET /v1/clients 401 71 - 33.061 ms

2017-02-06T22:05:39.930Z - info: GET /v1/clients 401 71 - 22.515 ms

2017-02-06T22:05:47.501Z - info: GET /v1/clients/ 401 71 - 30.834 ms

2017-02-06T22:05:52.161Z - info: POST /v1/authenticate 200 400 - 248.729 ms

2017-02-06T22:05:56.592Z - info: GET /v1/clients/ 200 135237 - 102.828 ms

2017-02-06T22:06:37.336Z - info: GET /v1/clients/ 200 135237 - 13892.871 ms

2017-02-06T22:06:57.049Z - info: GET /v1/clients/ 401 71 - 53.466 ms

2017-02-06T22:07:01.326Z - info: POST /v1/authenticate 200 400 - 253.644 ms

2017-02-06T22:07:05.270Z - info: GET /v1/clients/ 200 135237 - 97.278 ms

2017-02-06T22:07:49.182Z - info: GET /v1/clients/ 401 71 - 42.368 ms

2017-02-06T22:07:51.519Z - info: POST /v1/authenticate 200 400 - 236.331 ms

2017-02-06T22:07:55.639Z - info: GET /v1/clients/ 200 135237 - 108.323 ms

2017-02-06T22:08:49.157Z - info: POST /v1/authenticate 200 400 - 243.701 ms

2017-02-06T22:08:52.714Z - info: GET /v1/clients/ - - - - ms

2017-02-06T22:08:53.759Z - info: GET /v1/clients/ 200 135237 - 93.177 ms

2017-02-06T22:09:27.019Z - info: GET /v1/clients/ 200 135237 - 162.163 ms

2017-02-06T22:09:30.180Z - info: GET /v1/clients/ 200 135237 - 99.179 ms

2017-02-06T22:09:31.931Z - info: GET /v1/clients/ 200 135237 - 95.207 ms

2017-02-06T22:10:19.042Z - info: POST /v1/authenticate 200 400 - 254.362 ms

2017-02-06T22:10:23.480Z - info: GET /v1/clients/ 200 135237 - 107.817 ms

2017-02-06T22:10:33.321Z - info: GET /v1/clients/ 200 135237 - 124.659 ms

2017-02-06T22:10:41.516Z - info: GET /v1/clients/ 200 135237 - 93.495 ms

2017-02-06T22:10:44.330Z - info: GET /v1/clients/ 200 135237 - 85.744 ms

2017-02-06T22:11:12.109Z - info: POST /v1/authenticate 200 400 - 256.335 ms

2017-02-06T22:11:15.617Z - info: GET /v1/clients/ 200 135237 - 116.594 ms

2017-02-06T22:11:18.919Z - info: GET /v1/clients/ 200 135237 - 102.169 ms

2017-02-06T22:11:19.443Z - info: GET /v1/clients/ 200 135237 - 95.492 ms

2017-02-06T22:11:20.228Z - info: GET /v1/clients/ 200 135237 - 91.809 ms

2017-02-06T22:11:22.081Z - info: GET /v1/clients/ 200 135237 - 85.844 ms

2017-02-06T22:11:23.236Z - info: GET /v1/clients/ 200 135237 - 104.370 ms

2017-02-06T22:12:28.277Z - info: POST /v1/authenticate 200 400 - 283.551 ms

2017-02-06T22:12:31.989Z - info: GET /v1/clients/ 200 135237 - 107.299 ms

2017-02-06T22:12:37.668Z - info: GET /v1/clients/ 200 135237 - 99.612 ms

2017-02-06T22:12:39.688Z - info: GET /v1/clients/ 200 135237 - 89.438 ms

2017-02-06T22:12:40.518Z - info: GET /v1/clients/ 200 135237 - 108.256 ms

2017-02-06T22:12:40.998Z - info: GET /v1/clients/ 200 135237 - 79.132 ms

2017-02-06T22:12:41.558Z - info: GET /v1/clients/ 200 135237 - 87.334 ms

2017-02-06T22:12:42.343Z - info: GET /v1/clients/ 200 135237 - 75.741 ms

2017-02-06T22:12:44.654Z - info: GET /v1/clients/ 200 135237 - 79.926 ms

2017-02-06T22:12:51.577Z - info: GET /v1/clients/ 200 135237 - 82.712 ms

2017-02-06T22:13:04.541Z - info: GET /v1/clients/ 401 71 - 39.520 ms

2017-02-06T22:13:07.951Z - info: GET /v1/clients/ 401 71 - 26.969 ms

2017-02-06T22:13:10.914Z - info: POST /v1/authenticate 200 400 - 236.229 ms

2017-02-06T22:13:15.225Z - info: GET /v1/clients/ 200 135237 - 92.648 ms

2017-02-06T22:13:18.474Z - info: GET /v1/clients/ 200 135237 - 87.744 ms

2017-02-06T22:13:20.711Z - info: GET /v1/clients/ 200 135237 - 81.679 ms

2017-02-06T22:14:11.037Z - info: POST /v1/authenticate 200 400 - 255.822 ms

2017-02-06T22:14:16.846Z - info: GET /v1/clients/ 200 135237 - 91.497 ms

2017-02-06T22:14:22.020Z - info: GET /v1/clients/ 200 135237 - 77.736 ms

2017-02-06T22:14:41.076Z - info: GET /v1/clients/ 401 71 - 35.373 ms

2017-02-06T22:14:43.778Z - info: POST /v1/authenticate 200 400 - 238.850 ms

2017-02-06T22:14:47.211Z - info: GET /v1/clients/ 200 135237 - 89.378 ms

2017-02-06T22:14:50.799Z - info: GET /v1/clients/ 200 135237 - 105.082 ms

2017-02-08T19:14:53.422Z - info: POST /v1/authenticate 200 400 - 333.104 ms

2017-02-08T19:14:59.392Z - info: GET /v1/clients 200 135237 - 111.374 ms

2017-02-08T19:15:23.827Z - info: POST /v1/authenticate 200 400 - 276.547 ms

2017-02-08T19:15:27.825Z - info: GET /v1/clients 200 135237 - 95.762 ms

2017-02-14T17:55:09.406Z - info: POST /v1/authenticate 200 720 - 258.962 ms

2017-02-14T17:56:10.704Z - info: GET /v1/clients 500 2100 - 8.246 ms

2017-02-14T19:00:24.657Z - info: POST /v1/authenticate 200 720 - 510.994 ms

2017-02-14T19:00:43.893Z - info: POST /v1/authenticate 200 720 - 485.125 ms

2017-02-14T19:00:45.736Z - info: POST /v1/authenticate 200 720 - 464.663 ms

2017-02-14T19:01:29.937Z - info: GET /v1/clients/ 200 71 - 4.613 ms

2017-02-14T19:01:50.327Z - info: GET /v1/clients/ 200 71 - 1.314 ms

2017-02-14T19:02:01.139Z - info: GET /v1/clients/ 401 71 - 247.337 ms

2017-02-14T21:22:29.594Z - info: GET /v1/clients/ 200 71 - 16.196 ms

2017-02-14T21:22:36.212Z - info: POST /v1/authenticate 200 720 - 495.066 ms

2017-02-14T21:23:57.038Z - info: POST /v1/authenticate 200 720 - 490.884 ms

2017-02-14T21:24:11.333Z - info: GET /v1/clients/ 200 135237 - 313.067 ms

2017-02-14T21:24:21.837Z - info: GET /v1/clients/ 200 71 - 1.690 ms

2017-02-14T21:24:35.684Z - info: GET /v1/clients/ 200 71 - 1.114 ms

2017-02-14T21:26:59.027Z - info: GET /v1/clients/ 200 135237 - 25.711 ms

2017-02-14T21:27:03.282Z - info: GET /v1/clients/ 200 135237 - 16.994 ms

2017-02-14T21:27:48.864Z - info: GET /v1/clients/ 200 135237 - 13791.259 ms

2017-02-14T21:27:48.886Z - info: GET /v1/clients/ 200 135237 - 17.651 ms

2017-02-14T21:28:42.980Z - info: GET /v1/clients/ 200 135237 - 36.583 ms

2017-02-14T21:28:47.052Z - info: GET /v1/clients/ 200 135237 - 24.078 ms

2017-02-14T21:29:50.424Z - info: GET /v1/clients/ 200 135237 - 34.370 ms

2017-02-14T21:30:48.265Z - info: GET /v1/clients/ 200 135237 - 39.612 ms

2017-02-14T21:33:14.112Z - info: GET /v1/clients/ 200 135237 - 34.116 ms

2017-02-14T21:33:29.230Z - info: GET /v1/clients/ 200 135237 - 39.490 ms

2017-02-14T21:33:50.572Z - info: GET /v1/clients/ 200 135237 - 45.494 ms

2017-02-14T21:35:19.588Z - info: GET /v1/clients/ 200 135237 - 35.407 ms

2017-02-14T21:36:11.238Z - info: GET /v1/clients/ 200 135237 - 33.914 ms

2017-02-14T21:36:18.200Z - info: GET /v1/clients/ 200 135237 - 34.237 ms

2017-02-14T21:36:25.908Z - info: GET /v1/clients/ 200 135237 - 40.784 ms

2017-02-14T21:36:29.921Z - info: GET /v1/clients/ 200 135237 - 28.510 ms

2017-02-14T21:36:36.891Z - info: GET /v1/clients/ 200 135237 - 34.532 ms

2017-02-14T21:36:58.874Z - info: GET /v1/clients/ 200 133 - 17.496 ms

2017-02-14T21:38:16.348Z - info: POST /v1/authenticate 200 720 - 525.419 ms

2017-02-14T21:38:35.850Z - info: GET /v1/clients/ 200 135237 - 371.662 ms

2017-02-14T21:40:26.622Z - info: GET /v1/clients/ 403 85 - 222.967 ms

2017-02-14T21:41:39.972Z - info: GET /v1/clients/ 200 81 - 7.349 ms

2017-02-14T21:41:49.101Z - info: GET /v1/clients/ 403 85 - 249.294 ms

2017-02-14T21:42:48.054Z - info: GET /v1/clients/ 200 81 - 2.870 ms

2017-02-14T21:42:55.483Z - info: GET /v1/clients/ 403 85 - 265.275 ms

2017-02-14T21:42:58.399Z - info: GET /v1/clients/ 403 85 - 215.840 ms

2017-02-17T19:21:22.505Z - info: GET /v1/origins/300223/dispatch - - - - ms

2017-02-17T21:20:27.473Z - info: GET /v1/targets/1015/ 200 159 - 26.317 ms

2017-02-17T21:20:29.775Z - info: GET /v1/targets/1015/ 200 159 - 0.881 ms

2017-02-17T21:21:00.808Z - info: GET /v1/targets/10152/ - - - - ms

2017-02-17T21:21:01.411Z - info: GET /v1/origins/10152/ 404 61 - 9.814 ms

2017-02-17T21:21:30.977Z - info: GET /v1/origins/10152/ 404 61 - 24.229 ms

2017-02-17T21:21:44.300Z - info: GET /v1/origins/10152/ 404 61 - 37.008 ms

2017-02-17T21:22:29.428Z - info: GET /v1/origins/10152/ 404 61 - 27.585 ms

2017-02-17T21:23:00.573Z - info: GET /v1/origins/10152/ 404 61 - 24.862 ms

2017-02-17T21:24:18.033Z - info: GET /v1/origins/10152/ 404 61 - 21.598 ms

2017-02-20T15:22:04.850Z - info: GET /v1/clients/ 200 2 - 9.061 ms

2017-02-20T15:23:58.639Z - info: GET /v1/clients/ 200 2 - 3.961 ms

2017-02-20T15:25:53.939Z - info: GET /v1/clients/ 200 11 - 6.911 ms

2017-02-20T15:32:32.993Z - info: GET /v1/clients/ 500 2 - 8.485 ms

2017-02-20T15:34:38.538Z - info: GET /v1/clients/ 500 2 - 3.398 ms

2017-02-20T15:34:39.862Z - info: GET /v1/clients/ 500 2 - 0.957 ms

2017-02-20T15:35:02.903Z - info: GET /v1/clients/ 200 11 - 6.455 ms

2017-02-20T15:36:09.399Z - info: GET /v1/clients/ 200 11 - 4.698 ms

2017-02-20T15:36:13.173Z - info: GET /v1/clients/ 200 11 - 1.414 ms

2017-02-20T15:36:31.445Z - info: GET /v1/clients/ 200 11 - 16.008 ms

2017-02-20T15:37:05.263Z - info: GET /v1/clients/ 200 11 - 14.771 ms

2017-02-20T15:37:26.606Z - info: GET /v1/clients/ 200 11 - 11.473 ms

2017-02-20T15:38:40.209Z - info: GET /v1/clients/ 200 11 - 19.772 ms

2017-02-20T16:17:03.309Z - info: GET /v1/clients/ 200 11 - 17.327 ms

2017-02-20T16:17:23.290Z - info: GET /v1/clients/ 200 39561 - 105.669 ms

2017-02-20T16:32:38.839Z - info: GET /v1/clients/ 500 2 - 6.311 ms

2017-02-20T16:32:47.540Z - info: GET /v1/clients/ 500 2 - 4.319 ms

2017-02-20T16:32:48.834Z - info: GET /v1/clients/ 500 2 - 1.256 ms

2017-02-20T16:32:49.301Z - info: GET /v1/clients/ 500 2 - 0.361 ms

2017-02-20T16:33:11.143Z - info: GET /v1/clients/ 500 2 - 6.109 ms

2017-02-20T16:33:14.172Z - info: GET /v1/clients/ 500 2 - 1.481 ms

2017-02-20T16:33:52.203Z - info: GET /v1/clients/ 500 2 - 5.293 ms

2017-02-20T16:35:02.579Z - info: GET /v1/clients/ 500 2 - 5.243 ms

2017-02-20T16:35:49.087Z - info: GET /v1/clients/ 500 2 - 4.900 ms

2017-02-20T16:35:51.012Z - info: GET /v1/clients/ 500 2 - 0.940 ms

2017-02-20T16:36:16.642Z - info: GET /v1/clients/ 500 2 - 4.490 ms

2017-02-20T16:36:18.180Z - info: GET /v1/clients/ 500 2 - 2.227 ms

2017-02-20T16:36:34.812Z - info: GET /v1/clients/ 500 2 - 7.312 ms

2017-02-20T16:36:36.320Z - info: GET /v1/clients/ 500 2 - 1.424 ms

2017-02-20T16:36:37.187Z - info: GET /v1/clients/ 500 2 - 0.522 ms

2017-02-20T16:37:50.672Z - info: GET /v1/clients/ 200 11 - 20.909 ms

2017-02-20T16:42:00.455Z - info: GET /v1/clients/ 500 2 - 6.191 ms

2017-02-20T16:42:27.000Z - info: GET /v1/clients/ 500 2 - 5.990 ms

2017-02-20T16:42:28.313Z - info: GET /v1/clients/ 500 2 - 1.309 ms

2017-02-20T16:42:28.514Z - info: GET /v1/clients/ 500 2 - 0.549 ms

2017-02-20T16:42:28.692Z - info: GET /v1/clients/ 500 2 - 0.437 ms

2017-02-20T16:42:37.911Z - info: GET /v1/clients/ 500 2 - 7.511 ms

2017-02-20T16:42:39.708Z - info: GET /v1/clients/ 500 2 - 1.235 ms

2017-02-20T16:43:02.671Z - info: GET /v1/clients/ 500 2 - 15.609 ms

2017-02-20T16:43:25.322Z - info: GET /v1/clients/ 500 2 - 11.862 ms

2017-02-20T16:43:31.176Z - info: GET /v1/clients/ 500 2 - 9.501 ms

2017-02-20T16:43:32.388Z - info: GET /v1/clients/ 500 2 - 1.269 ms

2017-02-20T16:43:53.300Z - info: GET /v1/clients/ 500 2 - 5.402 ms

2017-02-20T16:43:54.189Z - info: GET /v1/clients/ 500 2 - 1.987 ms

2017-02-20T16:45:17.234Z - info: GET /v1/clients/ 500 2 - 6.138 ms

2017-02-20T16:46:13.789Z - info: GET /v1/clients/ 500 2 - 4.970 ms

2017-02-20T16:46:34.792Z - info: GET /v1/clients/ 500 2 - 11.694 ms

2017-02-20T16:48:33.709Z - info: GET /v1/clients/ 500 2 - 12.167 ms

2017-02-20T16:48:46.873Z - info: GET /v1/clients/ 500 2 - 17.418 ms

2017-02-20T16:49:00.343Z - info: GET /v1/clients/ 500 2 - 13.654 ms

2017-02-20T16:49:03.040Z - info: GET /v1/clients/ 500 2 - 2.293 ms

2017-02-20T16:49:08.161Z - info: GET /v1/clients/ 500 2 - 1.147 ms

2017-02-20T16:49:15.353Z - info: GET /v1/clients/ 500 2 - 1.929 ms

2017-02-20T16:50:31.167Z - info: GET /v1/clients/ 500 2 - 10.895 ms

2017-02-20T16:50:32.270Z - info: GET /v1/clients/ 500 2 - 2.483 ms

2017-02-20T16:52:18.371Z - info: GET /v1/clients/ 200 22 - 5.833 ms

2017-02-20T16:52:37.270Z - info: GET /v1/clients/ 500 2 - 5.522 ms

2017-02-20T16:52:39.835Z - info: GET /v1/clients/ 500 2 - 1.303 ms

2017-02-20T16:53:00.611Z - info: GET /v1/clients/ 500 2 - 5.692 ms

2017-02-20T16:53:30.938Z - info: GET /v1/clients/ 500 2 - 5.700 ms

2017-02-20T16:53:32.610Z - info: GET /v1/clients/ 500 2 - 1.616 ms

2017-02-20T16:53:34.035Z - info: GET /v1/clients/ 500 2 - 1.555 ms

2017-02-20T16:53:42.186Z - info: GET /v1/clients/ 500 2 - 6.041 ms

2017-02-20T16:53:52.383Z - info: GET /v1/clients/ 500 2 - 7.247 ms

2017-02-20T16:54:46.268Z - info: GET /v1/clients/ 500 2 - 4.896 ms

2017-02-20T16:54:49.579Z - info: GET /v1/clients/ 500 2 - 1.059 ms

2017-02-20T16:55:47.126Z - info: GET /v1/clients/ 500 2 - 0.838 ms

2017-02-20T17:01:30.866Z - info: GET /v1/clients/ 500 2 - 11.818 ms

2017-02-20T17:01:33.189Z - info: GET /v1/clients/ 500 2 - 1.596 ms

2017-02-20T17:01:46.271Z - info: GET /v1/clients/ 500 2 - 14.001 ms

2017-02-20T17:02:31.590Z - info: GET /v1/clients/ 500 2 - 16.978 ms

2017-02-20T17:03:38.678Z - info: GET /v1/clients/ 500 2 - 19.632 ms

2017-02-20T17:06:39.544Z - info: GET /v1/clients/ 200 39561 - 76.794 ms

2017-02-20T17:08:21.541Z - info: GET /v1/clients/ 500 2 - 4.681 ms

2017-02-20T17:08:30.169Z - info: GET /v1/clients/ 500 2 - 17.463 ms

2017-02-20T17:08:37.854Z - info: GET /v1/clients/ 500 47 - 14.694 ms

2017-02-20T17:08:39.829Z - info: GET /v1/clients/ 500 47 - 2.691 ms

2017-02-20T17:09:02.222Z - info: GET /v1/clients/ 500 47 - 13.445 ms

2017-02-20T17:09:03.548Z - info: GET /v1/clients/ 500 47 - 1.493 ms

2017-02-20T17:09:45.679Z - info: GET /v1/clients/ 500 47 - 15.910 ms

2017-02-20T17:11:12.291Z - info: GET /v1/clients/ 500 2 - 22.806 ms

2017-02-20T17:11:45.487Z - info: GET /v1/clients/ 200 78 - 24.143 ms

2017-02-20T17:11:50.666Z - info: GET /v1/clients/ 200 78 - 5.416 ms

2017-02-20T17:17:21.853Z - info: GET /v1/clients/ 200 78 - 19.733 ms

2017-02-20T17:17:56.497Z - info: GET /v1/clients/ 500 2 - 17.283 ms

2017-02-20T17:18:03.865Z - info: GET /v1/clients/ 500 2 - 16.482 ms

2017-02-20T17:18:19.292Z - info: GET /v1/clients/ 500 2 - 30.265 ms

2017-02-20T17:18:36.617Z - info: GET /v1/clients/ 500 13 - 17.784 ms

2017-02-20T17:19:10.843Z - info: GET /v1/clients/ 500 13 - 22.755 ms

2017-02-20T17:19:33.665Z - info: GET /v1/clients/ 400 69 - 4.988 ms

2017-02-20T17:19:42.369Z - info: GET /v1/clients/ 500 13 - 27.301 ms

2017-02-20T17:19:51.280Z - info: GET /v1/clients/ 500 44 - 6.919 ms

2017-02-20T17:20:31.812Z - info: GET /v1/clients/ 500 13 - 23.649 ms

2017-02-20T17:25:00.534Z - info: GET /v1/clients/ 500 13 - 24.834 ms

2017-02-20T17:25:11.144Z - info: GET /v1/clients/ 200 39561 - 42.108 ms

2017-02-20T17:25:19.660Z - info: GET /v1/clients/1 500 2 - 8.910 ms

2017-02-20T17:26:20.933Z - info: GET /v1/clients/1 500 2 - 17.833 ms

2017-02-20T17:27:03.049Z - info: GET /v1/clients/1 500 2 - 17.823 ms

2017-02-20T17:27:37.828Z - info: GET /v1/clients/1 500 2 - 16.920 ms

2017-02-20T17:27:40.715Z - info: GET /v1/clients/1 500 2 - 2.652 ms

2017-02-20T17:28:02.286Z - info: GET /v1/clients/12322 500 2 - 2.267 ms

2017-02-20T17:28:04.468Z - info: GET /v1/clients/100000 500 2 - 1.973 ms

2017-02-20T17:28:21.250Z - info: GET /v1/clients/100000 500 2 - 13.002 ms

2017-02-20T17:28:29.448Z - info: GET /v1/clients/100000 500 2 - 19.008 ms

2017-02-20T17:28:35.332Z - info: GET /v1/clients/100000 500 2 - 14.278 ms

2017-02-20T17:28:57.553Z - info: GET /v1/clients/100000 500 2 - 19.590 ms

2017-02-20T17:28:59.057Z - info: GET /v1/clients/100000 500 2 - 3.003 ms

2017-02-20T17:29:20.791Z - info: GET /v1/clients/100000 500 2 - 15.536 ms

2017-02-20T17:29:52.771Z - info: GET /v1/clients/100000 500 2 - 16.856 ms

2017-02-20T18:03:40.771Z - info: GET /v1/clients/100000 500 2 - 8.015 ms

2017-02-20T18:04:02.871Z - info: GET /v1/clients/100000 404 61 - 20.111 ms

2017-02-20T18:04:14.579Z - info: GET /v1/clients/100000 500 2 - 13.412 ms

2017-02-20T18:04:36.894Z - info: GET /v1/clients/100000 404 61 - 17.932 ms

2017-02-20T18:04:49.395Z - info: GET /v1/clients/100000 404 61 - 12.803 ms

2017-02-20T18:05:24.591Z - info: GET /v1/clients/100000 200 92 - 31.724 ms

2017-02-20T18:05:30.246Z - info: GET /v1/clients/100000 200 92 - 5.872 ms

2017-02-20T18:05:54.279Z - info: GET /v1/clients/100000 200 164 - 23.336 ms

2017-02-20T18:06:19.037Z - info: GET /v1/clients/10000 404 61 - 6.322 ms

2017-02-20T18:06:48.219Z - info: GET /v1/clients/10000 400 61 - 23.332 ms

2017-02-20T18:07:01.374Z - info: GET /v1/clients/10000 400 61 - 23.319 ms

2017-02-20T18:07:07.881Z - info: GET /v1/clients/12322 400 61 - 7.743 ms

2017-02-20T18:07:12.593Z - info: GET /v1/clients/ 200 39561 - 40.169 ms

2017-02-20T19:49:41.608Z - info: GET /v1/clients/ 500 13 - 43.444 ms

2017-02-20T19:51:26.173Z - info: GET /v1/clients/ 500 13 - 20.009 ms

2017-02-20T19:51:46.239Z - info: GET /v1/clients/ 500 13 - 23.073 ms

2017-02-20T19:52:02.887Z - info: GET /v1/clients/ 500 13 - 23.577 ms

2017-02-20T19:52:43.136Z - info: GET /v1/clients/ 500 13 - 50.184 ms

2017-02-20T19:53:01.027Z - info: GET /v1/clients/ 500 13 - 24.233 ms

2017-02-20T19:53:21.630Z - info: GET /v1/clients/ 500 13 - 26.892 ms

2017-02-20T20:12:05.307Z - info: GET /v1/clients/ 500 13 - 23.120 ms

2017-02-20T20:12:14.871Z - info: GET /v1/clients/ 200 39561 - 48.991 ms

2017-02-20T20:12:17.359Z - info: GET /v1/clients/ 200 39561 - 23.587 ms

2017-02-20T20:12:21.090Z - info: GET /v1/clients/10000 400 61 - 5.457 ms

2017-02-20T20:12:22.369Z - info: GET /v1/clients/10000 400 61 - 4.233 ms

2017-02-20T20:12:22.545Z - info: GET /v1/clients/10000 400 61 - 7.773 ms

2017-02-20T20:12:22.690Z - info: GET /v1/clients/10000 400 61 - 3.616 ms

2017-02-20T20:13:18.950Z - info: GET /v1/clients/10000 400 61 - 23.832 ms

2017-02-20T20:13:33.355Z - info: GET /v1/clients/10000 400 61 - 26.641 ms

2017-02-20T20:13:52.834Z - info: GET /v1/clients/10000 400 61 - 28.059 ms

2017-02-20T20:14:02.440Z - info: GET /v1/clients/100000 200 164 - 7.603 ms

